<?xml version="1.0" encoding="UTF-8"?>
<testsuite xmlns:xsi="http://www.w3.org/2001/XMLSchema-instance" xsi:noNamespaceSchemaLocation="https://maven.apache.org/surefire/maven-surefire-plugin/xsd/surefire-test-report-3.0.xsd" version="3.0" name="SalarySlipTest" time="0.079" tests="2" errors="0" skipped="0" failures="0">
  <properties>
[...]
</properties>
  <testcase name="employeeNotNull" classname="SalarySlipTest" time="0.032"/>
  <testcase name="employeeDetailsArePrintedCorrectly" classname="SalarySlipTest" time="0.046"/>
</testsuite>